SF:lib\screens\home_screen.dart
DA:8,2
DA:10,1
DA:12,1
DA:14,1
DA:15,1
DA:16,1
DA:18,1
DA:20,1
DA:24,1
DA:26,1
DA:28,1
DA:30,1
DA:32,1
DA:33,1
DA:35,1
DA:36,1
DA:38,4
DA:39,1
DA:43,1
DA:45,4
DA:52,1
DA:54,1
DA:67,1
DA:68,1
DA:70,1
DA:71,1
DA:72,1
DA:73,1
DA:111,1
DA:113,1
DA:115,1
DA:116,1
DA:118,4
DA:126,1
DA:163,1
DA:165,1
DA:167,1
DA:168,1
DA:170,1
DA:171,1
DA:173,4
DA:178,1
DA:179,0
DA:233,1
DA:234,1
DA:236,1
DA:237,1
DA:238,1
DA:244,1
LF:49
LH:48
end_of_record
SF:lib\theme\app_theme.dart
DA:6,7
DA:7,7
DA:9,7
DA:13,7
DA:24,7
DA:25,7
DA:28,7
DA:29,7
DA:37,7
DA:40,7
DA:41,7
DA:44,7
DA:45,7
LF:13
LH:13
end_of_record
SF:lib\theme\app_colors.dart
DA:44,15
DA:45,12
LF:2
LH:2
end_of_record
SF:lib\widgets\service_category_card.dart
DA:9,7
DA:16,1
DA:18,1
DA:19,0
DA:21,0
DA:22,0
DA:25,1
DA:26,1
DA:28,1
DA:29,1
DA:30,1
DA:31,1
DA:37,1
DA:39,1
DA:41,1
DA:42,1
DA:45,1
DA:46,2
DA:47,1
DA:49,1
DA:50,1
DA:52,1
DA:56,1
DA:57,1
DA:58,4
LF:25
LH:22
end_of_record
SF:lib\widgets\recommendation_card.dart
DA:11,7
DA:20,1
DA:22,1
DA:23,0
DA:25,0
DA:26,0
DA:29,1
DA:30,1
DA:32,1
DA:33,1
DA:34,1
DA:35,1
DA:41,1
DA:43,1
DA:44,1
DA:46,1
DA:49,1
DA:51,1
DA:53,1
DA:54,1
DA:63,1
DA:64,1
DA:66,1
DA:67,1
DA:68,1
DA:69,4
DA:75,1
DA:76,1
DA:77,4
DA:82,1
DA:83,1
DA:90,1
DA:91,2
DA:92,4
DA:98,1
DA:99,1
DA:100,4
DA:117,1
DA:118,3
DA:120,6
DA:122,3
LF:41
LH:38
end_of_record
SF:lib\widgets\promotional_banner.dart
DA:5,7
DA:7,1
DA:9,1
DA:12,1
DA:14,1
DA:15,1
DA:16,1
DA:17,1
DA:23,1
DA:24,1
DA:25,1
DA:26,1
DA:28,1
DA:29,1
DA:31,4
DA:37,1
DA:39,4
DA:44,1
DA:49,1
DA:50,1
DA:51,1
DA:53,1
DA:55,4
DA:66,1
DA:69,1
DA:70,1
DA:71,1
LF:27
LH:27
end_of_record
SF:lib\screens\login_screen.dart
DA:6,2
DA:8,2
DA:9,2
DA:19,2
DA:21,4
DA:22,4
DA:23,2
DA:26,1
DA:27,3
DA:28,3
DA:31,1
DA:33,1
DA:34,3
DA:35,2
DA:40,0
DA:42,0
DA:45,2
DA:47,2
DA:48,2
DA:52,2
DA:53,2
DA:54,2
DA:56,2
DA:58,2
DA:59,2
DA:60,2
DA:61,2
DA:62,2
DA:64,2
DA:65,2
DA:66,2
DA:75,2
DA:76,2
DA:78,8
DA:91,2
DA:92,2
DA:94,2
DA:95,2
DA:99,2
DA:100,2
DA:101,2
DA:103,8
DA:109,2
DA:111,8
DA:112,2
DA:121,2
DA:124,2
DA:126,2
DA:127,2
DA:128,2
DA:129,2
DA:135,2
DA:136,2
DA:137,2
DA:139,2
DA:141,2
DA:143,8
DA:149,2
DA:150,2
DA:155,1
DA:156,1
DA:159,1
DA:169,2
DA:171,8
DA:177,2
DA:178,2
DA:179,2
DA:180,2
DA:182,2
DA:183,0
DA:184,0
DA:185,0
DA:188,2
DA:189,2
DA:196,1
DA:197,1
DA:200,2
DA:210,2
DA:212,2
DA:213,0
DA:216,2
DA:218,8
DA:228,2
DA:230,2
DA:231,4
DA:232,2
DA:236,2
DA:237,2
DA:238,2
DA:242,2
DA:264,2
DA:265,2
DA:266,2
DA:267,2
DA:272,2
DA:274,2
DA:276,8
DA:281,2
DA:282,2
DA:293,2
DA:296,0
DA:301,2
DA:304,0
DA:310,2
DA:311,2
DA:312,2
DA:314,8
DA:317,2
DA:318,2
DA:319,2
DA:320,0
DA:323,2
DA:325,8
LF:113
LH:104
end_of_record
SF:lib\widgets\social_login_button.dart
DA:9,3
DA:16,3
DA:18,3
DA:20,3
DA:21,3
DA:22,3
DA:25,3
DA:26,3
DA:30,3
DA:32,3
DA:34,3
DA:37,3
DA:38,3
DA:39,3
DA:41,3
DA:42,3
DA:48,3
DA:49,3
DA:50,12
DA:61,3
DA:62,6
DA:64,6
DA:70,3
DA:71,6
DA:73,6
LF:25
LH:25
end_of_record
SF:lib\screens\welcome_screen.dart
DA:6,2
DA:8,2
DA:10,2
DA:11,2
DA:15,2
DA:16,2
DA:18,2
DA:19,2
DA:20,2
DA:21,2
DA:23,2
DA:25,2
DA:33,2
DA:36,2
DA:38,2
DA:39,2
DA:40,2
DA:41,2
DA:47,2
DA:48,2
DA:50,2
DA:52,8
DA:63,2
DA:65,8
DA:75,2
DA:77,2
DA:78,2
DA:79,2
DA:81,2
DA:85,2
DA:86,2
DA:87,2
DA:91,2
DA:111,2
DA:112,0
DA:113,0
DA:115,2
DA:117,8
LF:38
LH:36
end_of_record
SF:lib\widgets\handyman_illustration.dart
DA:5,4
DA:7,3
DA:9,3
DA:10,3
DA:11,3
DA:14,3
DA:15,3
DA:16,3
DA:19,3
DA:21,3
DA:23,3
DA:25,3
DA:42,3
DA:44,12
DA:53,3
DA:55,3
DA:56,3
DA:58,3
DA:60,3
DA:62,3
DA:70,3
DA:71,3
DA:73,3
DA:74,3
DA:75,3
DA:77,3
LF:26
LH:26
end_of_record
SF:lib\main.dart
DA:7,0
DA:8,0
DA:12,2
DA:14,1
DA:16,1
DA:19,1
DA:21,1
DA:22,1
DA:23,1
DA:24,0
LF:10
LH:7
end_of_record
